This is pdfTeX, Version 3.14159265-2.6-1.40.19 (TeX Live 2019/dev/Debian) (preloaded format=pdflatex 2020.2.3)  2 DEC 2021 14:33
entering extended mode
 restricted \write18 enabled.
 %&-line parsing enabled.
**Barcodes.tex
(./Barcodes.tex
LaTeX2e <2018-12-01>
(/usr/share/texlive/texmf-dist/tex/latex/base/article.cls
Document Class: article 2018/09/03 v1.4i Standard LaTeX document class
(/usr/share/texlive/texmf-dist/tex/latex/base/size12.clo
File: size12.clo 2018/09/03 v1.4i Standard LaTeX file (size option)
)
\c@part=\count80
\c@section=\count81
\c@subsection=\count82
\c@subsubsection=\count83
\c@paragraph=\count84
\c@subparagraph=\count85
\c@figure=\count86
\c@table=\count87
\abovecaptionskip=\skip41
\belowcaptionskip=\skip42
\bibindent=\dimen102
)
(/usr/share/texlive/texmf-dist/tex/latex/geometry/geometry.sty
Package: geometry 2018/04/16 v5.8 Page Geometry

(/usr/share/texlive/texmf-dist/tex/latex/graphics/keyval.sty
Package: keyval 2014/10/28 v1.15 key=value parser (DPC)
\KV@toks@=\toks14
)
(/usr/share/texlive/texmf-dist/tex/generic/oberdiek/ifpdf.sty
Package: ifpdf 2018/09/07 v3.3 Provides the ifpdf switch
)
(/usr/share/texlive/texmf-dist/tex/generic/oberdiek/ifvtex.sty
Package: ifvtex 2016/05/16 v1.6 Detect VTeX and its facilities (HO)
Package ifvtex Info: VTeX not detected.
)
(/usr/share/texlive/texmf-dist/tex/generic/ifxetex/ifxetex.sty
Package: ifxetex 2010/09/12 v0.6 Provides ifxetex conditional
)
\Gm@cnth=\count88
\Gm@cntv=\count89
\c@Gm@tempcnt=\count90
\Gm@bindingoffset=\dimen103
\Gm@wd@mp=\dimen104
\Gm@odd@mp=\dimen105
\Gm@even@mp=\dimen106
\Gm@layoutwidth=\dimen107
\Gm@layoutheight=\dimen108
\Gm@layouthoffset=\dimen109
\Gm@layoutvoffset=\dimen110
\Gm@dimlist=\toks15
)
(/usr/share/texlive/texmf-dist/tex/latex/base/inputenc.sty
Package: inputenc 2018/08/11 v1.3c Input encoding file
\inpenc@prehook=\toks16
\inpenc@posthook=\toks17

(/usr/share/texlive/texmf-dist/tex/latex/ucs/utf8x.def
File: utf8x.def 2004/10/17 UCS: Input encoding UTF-8
))
(/usr/share/texlive/texmf-dist/tex/latex/ucs/ucs.sty
Package: ucs 2013/05/11 v2.2 UCS: Unicode input support

(/usr/share/texlive/texmf-dist/tex/latex/ucs/data/uni-global.def
File: uni-global.def 2013/05/13 UCS: Unicode global data
)
\uc@secondtry=\count91
\uc@combtoks=\toks18
\uc@combtoksb=\toks19
\uc@temptokena=\toks20
)
(/usr/share/texlive/texmf-dist/tex/generic/babel/babel.sty
Package: babel 2018/11/13 3.27 The Babel package

(/usr/share/texlive/texmf-dist/tex/generic/babel/switch.def
File: switch.def 2018/11/13 3.27 Babel switching mechanism
)
(/usr/share/texlive/texmf-dist/tex/latex/lithuanian/lithuanian.ldf
Language: lithuanian 2017/12/06 v1.0 Lithuanian support from the babel system

(/usr/share/texlive/texmf-dist/tex/generic/babel/babel.def
File: babel.def 2018/11/13 3.27 Babel common definitions
\babel@savecnt=\count92
\U@D=\dimen111

(/usr/share/texlive/texmf-dist/tex/generic/babel/txtbabel.def)
\bbl@dirlevel=\count93
)))
(/usr/share/texlive/texmf-dist/tex/latex/base/fontenc.sty
Package: fontenc 2018/08/11 v2.0j Standard LaTeX package

(/usr/share/texlive/texmf-dist/tex/latex/lithuanian/l7xenc.def
File: l7xenc.def 2017/12/06 v2.0 LaTeX-LT file
)
LaTeX Font Info:    Try loading font information for L7x+lmr on input line 105.


(/usr/share/texmf/tex/latex/lm/l7xlmr.fd
File: l7xlmr.fd 2009/10/30 v1.6 Font defs for Latin Modern
))
(/usr/share/texlive/texmf-dist/tex/latex/graphics/graphicx.sty
Package: graphicx 2017/06/01 v1.1a Enhanced LaTeX Graphics (DPC,SPQR)

(/usr/share/texlive/texmf-dist/tex/latex/graphics/graphics.sty
Package: graphics 2017/06/25 v1.2c Standard LaTeX Graphics (DPC,SPQR)

(/usr/share/texlive/texmf-dist/tex/latex/graphics/trig.sty
Package: trig 2016/01/03 v1.10 sin cos tan (DPC)
)
(/usr/share/texlive/texmf-dist/tex/latex/graphics-cfg/graphics.cfg
File: graphics.cfg 2016/06/04 v1.11 sample graphics configuration
)
Package graphics Info: Driver file: pdftex.def on input line 99.

(/usr/share/texlive/texmf-dist/tex/latex/graphics-def/pdftex.def
File: pdftex.def 2018/01/08 v1.0l Graphics/color driver for pdftex
))
\Gin@req@height=\dimen112
\Gin@req@width=\dimen113
)
(/usr/share/texlive/texmf-dist/tex/latex/supertabular/supertabular.sty
Package: supertabular 2004/02/20 v4.1e the supertabular environment
\c@tracingst=\count94
\ST@wd=\dimen114
\ST@rightskip=\skip43
\ST@leftskip=\skip44
\ST@parfillskip=\skip45
\ST@pageleft=\dimen115
\ST@headht=\dimen116
\ST@tailht=\dimen117
\ST@pagesofar=\dimen118
\ST@pboxht=\dimen119
\ST@lineht=\dimen120
\ST@stretchht=\dimen121
\ST@prevht=\dimen122
\ST@toadd=\dimen123
\ST@dimen=\dimen124
\ST@pbox=\box27
)
(./Barcodes.aux)
\openout1 = `Barcodes.aux'.

LaTeX Font Info:    Checking defaults for OML/cmm/m/it on input line 9.
LaTeX Font Info:    ... okay on input line 9.
LaTeX Font Info:    Checking defaults for T1/cmr/m/n on input line 9.
LaTeX Font Info:    ... okay on input line 9.
LaTeX Font Info:    Checking defaults for OT1/cmr/m/n on input line 9.
LaTeX Font Info:    ... okay on input line 9.
LaTeX Font Info:    Checking defaults for OMS/cmsy/m/n on input line 9.
LaTeX Font Info:    ... okay on input line 9.
LaTeX Font Info:    Checking defaults for OMX/cmex/m/n on input line 9.
LaTeX Font Info:    ... okay on input line 9.
LaTeX Font Info:    Checking defaults for U/cmr/m/n on input line 9.
LaTeX Font Info:    ... okay on input line 9.
LaTeX Font Info:    Checking defaults for L7x/lmr/m/n on input line 9.
LaTeX Font Info:    ... okay on input line 9.
LaTeX Font Info:    Try loading font information for L7x+cmr on input line 9.
LaTeX Font Info:    No file L7xcmr.fd. on input line 9.


LaTeX Font Warning: Font shape `L7x/cmr/m/n' undefined
(Font)              using `L7x/lmr/m/n' instead on input line 9.

*geometry* driver: auto-detecting
*geometry* detected driver: pdftex
*geometry* verbose mode - [ preamble ] result:
* driver: pdftex
* paper: a4paper
* layout: <same size as paper>
* layoutoffset:(h,v)=(0.0pt,0.0pt)
* modes: 
* h-part:(L,W,R)=(14.22636pt, 569.05515pt, 14.22636pt)
* v-part:(T,H,B)=(14.22636pt, 816.59412pt, 14.22636pt)
* \paperwidth=597.50787pt
* \paperheight=845.04684pt
* \textwidth=569.05515pt
* \textheight=816.59412pt
* \oddsidemargin=-58.04362pt
* \evensidemargin=-58.04362pt
* \topmargin=-95.04362pt
* \headheight=12.0pt
* \headsep=25.0pt
* \topskip=12.0pt
* \footskip=30.0pt
* \marginparwidth=35.0pt
* \marginparsep=10.0pt
* \columnsep=10.0pt
* \skip\footins=10.8pt plus 4.0pt minus 2.0pt
* \hoffset=0.0pt
* \voffset=0.0pt
* \mag=1000
* \@twocolumnfalse
* \@twosidefalse
* \@mparswitchfalse
* \@reversemarginfalse
* (1in=72.27pt=25.4mm, 1cm=28.453pt)

(/usr/share/texlive/texmf-dist/tex/latex/ucs/ucsencs.def
File: ucsencs.def 2011/01/21 Fixes to fontencodings LGR, T3
)
(/usr/share/texlive/texmf-dist/tex/context/base/mkii/supp-pdf.mkii
[Loading MPS to PDF converter (version 2006.09.02).]
\scratchcounter=\count95
\scratchdimen=\dimen125
\scratchbox=\box28
\nofMPsegments=\count96
\nofMParguments=\count97
\everyMPshowfont=\toks21
\MPscratchCnt=\count98
\MPscratchDim=\dimen126
\MPnumerator=\count99
\makeMPintoPDFobject=\count100
\everyMPtoPDFconversion=\toks22
) (/usr/share/texlive/texmf-dist/tex/latex/oberdiek/epstopdf-base.sty
Package: epstopdf-base 2016/05/15 v2.6 Base part for package epstopdf

(/usr/share/texlive/texmf-dist/tex/generic/oberdiek/infwarerr.sty
Package: infwarerr 2016/05/16 v1.4 Providing info/warning/error messages (HO)
)
(/usr/share/texlive/texmf-dist/tex/latex/oberdiek/grfext.sty
Package: grfext 2016/05/16 v1.2 Manage graphics extensions (HO)

(/usr/share/texlive/texmf-dist/tex/generic/oberdiek/kvdefinekeys.sty
Package: kvdefinekeys 2016/05/16 v1.4 Define keys (HO)

(/usr/share/texlive/texmf-dist/tex/generic/oberdiek/ltxcmds.sty
Package: ltxcmds 2016/05/16 v1.23 LaTeX kernel commands for general use (HO)
)))
(/usr/share/texlive/texmf-dist/tex/latex/oberdiek/kvoptions.sty
Package: kvoptions 2016/05/16 v3.12 Key value format for package options (HO)

(/usr/share/texlive/texmf-dist/tex/generic/oberdiek/kvsetkeys.sty
Package: kvsetkeys 2016/05/16 v1.17 Key value parser (HO)

(/usr/share/texlive/texmf-dist/tex/generic/oberdiek/etexcmds.sty
Package: etexcmds 2016/05/16 v1.6 Avoid name clashes with e-TeX commands (HO)

(/usr/share/texlive/texmf-dist/tex/generic/oberdiek/ifluatex.sty
Package: ifluatex 2016/05/16 v1.4 Provides the ifluatex switch (HO)
Package ifluatex Info: LuaTeX not detected.
))))
(/usr/share/texlive/texmf-dist/tex/generic/oberdiek/pdftexcmds.sty
Package: pdftexcmds 2018/09/10 v0.29 Utility functions of pdfTeX for LuaTeX (HO
)
Package pdftexcmds Info: LuaTeX not detected.
Package pdftexcmds Info: \pdf@primitive is available.
Package pdftexcmds Info: \pdf@ifprimitive is available.
Package pdftexcmds Info: \pdfdraftmode found.
)
Package epstopdf-base Info: Redefining graphics rule for `.eps' on input line 4
38.
Package grfext Info: Graphics extension search list:
(grfext)             [.pdf,.png,.jpg,.mps,.jpeg,.jbig2,.jb2,.PDF,.PNG,.JPG,.JPE
G,.JBIG2,.JB2,.eps]
(grfext)             \AppendGraphicsExtensions on input line 456.

(/usr/share/texlive/texmf-dist/tex/latex/latexconfig/epstopdf-sys.cfg
File: epstopdf-sys.cfg 2010/07/13 v1.3 Configuration of (r)epstopdf for TeX Liv
e
))
LaTeX Font Info:    External font `cmex10' loaded for size
(Font)              <12> on input line 11.
LaTeX Font Info:    External font `cmex10' loaded for size
(Font)              <8> on input line 11.
LaTeX Font Info:    External font `cmex10' loaded for size
(Font)              <6> on input line 11.
Package epstopdf Info: Source file: <IT017833.eps>
(epstopdf)                    date: 2021-12-02 14:33:24
(epstopdf)                    size: 2347 bytes
(epstopdf)             Output file: <IT017833-eps-converted-to.pdf>
(epstopdf)             Command: <repstopdf --outfile=IT017833-eps-converted-to.
pdf IT017833.eps>
(epstopdf)             \includegraphics on input line 12.
runsystem(repstopdf --outfile=IT017833-eps-converted-to.pdf IT017833.eps)...exe
cuted safely (allowed).

Package epstopdf Info: Result file: <IT017833-eps-converted-to.pdf>
(epstopdf)                    date: 2021-12-02 14:33:26
(epstopdf)                    size: 4119 bytes.
<IT017833-eps-converted-to.pdf, id=1, 124.465pt x 81.30376pt>
File: IT017833-eps-converted-to.pdf Graphic file (type pdf)
<use IT017833-eps-converted-to.pdf>
Package pdftex.def Info: IT017833-eps-converted-to.pdf  used on input line 12.
(pdftex.def)             Requested size: 112.01746pt x 73.17268pt.

(/usr/share/texlive/texmf-dist/tex/latex/ucs/data/uni-1.def
File: uni-1.def 2013/05/13 UCS: Unicode data U+0100..U+01FF
)
Underfull \hbox (badness 1122) in paragraph at lines 12--12
\L7x/lmr/m/n/12 Evakuacinë ágar-si-ni-mo
 []

Package epstopdf Info: Source file: <IT017834.eps>
(epstopdf)                    date: 2021-12-02 14:33:24
(epstopdf)                    size: 2347 bytes
(epstopdf)             Output file: <IT017834-eps-converted-to.pdf>
(epstopdf)             Command: <repstopdf --outfile=IT017834-eps-converted-to.
pdf IT017834.eps>
(epstopdf)             \includegraphics on input line 12.
runsystem(repstopdf --outfile=IT017834-eps-converted-to.pdf IT017834.eps)...exe
cuted safely (allowed).

Package epstopdf Info: Result file: <IT017834-eps-converted-to.pdf>
(epstopdf)                    date: 2021-12-02 14:33:27
(epstopdf)                    size: 4172 bytes.
<IT017834-eps-converted-to.pdf, id=2, 124.465pt x 81.30376pt>
File: IT017834-eps-converted-to.pdf Graphic file (type pdf)
<use IT017834-eps-converted-to.pdf>
Package pdftex.def Info: IT017834-eps-converted-to.pdf  used on input line 12.
(pdftex.def)             Requested size: 112.01746pt x 73.17268pt.

Underfull \hbox (badness 10000) in paragraph at lines 12--12
\L7x/lmr/m/n/12 IG-KS4 ko-mu-ta-ci-në
 []

Package epstopdf Info: Source file: <IT017884.eps>
(epstopdf)                    date: 2021-12-02 14:33:25
(epstopdf)                    size: 2347 bytes
(epstopdf)             Output file: <IT017884-eps-converted-to.pdf>
(epstopdf)             Command: <repstopdf --outfile=IT017884-eps-converted-to.
pdf IT017884.eps>
(epstopdf)             \includegraphics on input line 12.
runsystem(repstopdf --outfile=IT017884-eps-converted-to.pdf IT017884.eps)...exe
cuted safely (allowed).

Package epstopdf Info: Result file: <IT017884-eps-converted-to.pdf>
(epstopdf)                    date: 2021-12-02 14:33:28
(epstopdf)                    size: 4036 bytes.
<IT017884-eps-converted-to.pdf, id=3, 124.465pt x 81.30376pt>
File: IT017884-eps-converted-to.pdf Graphic file (type pdf)
<use IT017884-eps-converted-to.pdf>
Package pdftex.def Info: IT017884-eps-converted-to.pdf  used on input line 12.
(pdftex.def)             Requested size: 112.01746pt x 73.17268pt.

Underfull \hbox (badness 1122) in paragraph at lines 12--12
\L7x/lmr/m/n/12 Evakuacinë ágar-si-ni-mo
 []

Package epstopdf Info: Source file: <IT017904.eps>
(epstopdf)                    date: 2021-12-02 14:33:25
(epstopdf)                    size: 2347 bytes
(epstopdf)             Output file: <IT017904-eps-converted-to.pdf>
(epstopdf)             Command: <repstopdf --outfile=IT017904-eps-converted-to.
pdf IT017904.eps>
(epstopdf)             \includegraphics on input line 12.
runsystem(repstopdf --outfile=IT017904-eps-converted-to.pdf IT017904.eps)...exe
cuted safely (allowed).

Package epstopdf Info: Result file: <IT017904-eps-converted-to.pdf>
(epstopdf)                    date: 2021-12-02 14:33:28
(epstopdf)                    size: 4019 bytes.
<IT017904-eps-converted-to.pdf, id=4, 124.465pt x 81.30376pt>
File: IT017904-eps-converted-to.pdf Graphic file (type pdf)
<use IT017904-eps-converted-to.pdf>
Package pdftex.def Info: IT017904-eps-converted-to.pdf  used on input line 12.
(pdftex.def)             Requested size: 112.01746pt x 73.17268pt.

Underfull \hbox (badness 1122) in paragraph at lines 12--12
\L7x/lmr/m/n/12 Evakuacinë ágar-si-ni-mo
 []

[1

{/var/lib/texmf/fonts/map/pdftex/updmap/pdftex.map} <./IT017833-eps-converted-t
o.pdf> <./IT017834-eps-converted-to.pdf> <./IT017884-eps-converted-to.pdf> <./I
T017904-eps-converted-to.pdf>] (./Barcodes.aux)

LaTeX Font Warning: Some font shapes were not available, defaults substituted.

 ) 
Here is how much of TeX's memory you used:
 3825 strings out of 493311
 51938 string characters out of 6145885
 128796 words of memory out of 5000000
 7641 multiletter control sequences out of 15000+600000
 9727 words of font info for 25 fonts, out of 8000000 for 9000
 667 hyphenation exceptions out of 8191
 41i,13n,25p,739b,646s stack positions out of 5000i,500n,10000p,200000b,80000s
{/usr/share/texmf/fonts/enc/dvips/lm/lm-l7x.enc}</usr/share/texmf/fonts/type1
/public/lm/lmr10.pfb></usr/share/texmf/fonts/type1/public/lm/lmr12.pfb>
Output written on Barcodes.pdf (1 page, 53301 bytes).
PDF statistics:
 41 PDF objects out of 1000 (max. 8388607)
 27 compressed objects within 1 object stream
 0 named destinations out of 1000 (max. 500000)
 21 words of extra memory for PDF output out of 10000 (max. 10000000)

